capacitor-cordova-android-plugins/build/intermediates/manifest_merge_blame_file/debug/processDebugManifest/manifest-merger-blame-debug-report.txt
1<?xml version="1.0" encoding="utf-8"?>
2<manifest xmlns:amazon="http://schemas.amazon.com/apk/res/android"
3    xmlns:android="http://schemas.android.com/apk/res/android"
4    package="capacitor.cordova.android.plugins" >
5
6    <uses-sdk android:minSdkVersion="26" />
7
8    <uses-permission android:name="android.permission.READ_EXTERNAL_STORAGE" />
8-->src\main\AndroidManifest.xml:12:1-75
8-->src\main\AndroidManifest.xml:12:18-73
9
10    <application>
10-->src\main\AndroidManifest.xml:4:1-11:15
11        <provider
11-->src\main\AndroidManifest.xml:5:1-7:12
12            android:name="de.sitewaerts.cordova.documentviewer.FileProvider"
12-->src\main\AndroidManifest.xml:5:11-75
13            android:authorities="${applicationId}.DocumentViewerPlugin.fileprovider"
13-->src\main\AndroidManifest.xml:5:76-148
14            android:exported="false"
14-->src\main\AndroidManifest.xml:5:149-173
15            android:grantUriPermissions="true" >
15-->src\main\AndroidManifest.xml:5:174-208
16            <meta-data
16-->src\main\AndroidManifest.xml:6:3-116
17                android:name="android.support.FILE_PROVIDER_PATHS"
17-->src\main\AndroidManifest.xml:6:14-64
18                android:resource="@xml/documentviewer_file_paths" />
18-->src\main\AndroidManifest.xml:6:65-114
19        </provider>
20        <provider
20-->src\main\AndroidManifest.xml:8:1-10:12
21            android:name="io.github.pwlin.cordova.plugins.fileopener2.FileProvider"
21-->src\main\AndroidManifest.xml:8:11-82
22            android:authorities="${applicationId}.fileOpener2.provider"
22-->src\main\AndroidManifest.xml:8:83-142
23            android:exported="false"
23-->src\main\AndroidManifest.xml:8:143-167
24            android:grantUriPermissions="true" >
24-->src\main\AndroidManifest.xml:8:168-202
25            <meta-data
25-->src\main\AndroidManifest.xml:6:3-116
26                android:name="android.support.FILE_PROVIDER_PATHS"
26-->src\main\AndroidManifest.xml:6:14-64
27                android:resource="@xml/opener_paths" />
27-->src\main\AndroidManifest.xml:6:65-114
28        </provider>
29    </application>
30
31</manifest>